[Wed Dec 11 15:12:55 2024] Operation: list_directory, Path: ., Result: SUCCESS
[Wed Dec 11 21:07:23 2024] Operation: list_directory, Path: ., Result: SUCCESS
[Wed Dec 11 21:15:04 2024] Operation: display_file, Path: test.txt, Result: SUCCESS
[Sat Dec 14 13:12:09 2024] Operation: list_directory, Path: ., Result: SUCCESS
[Sat Dec 14 13:12:18 2024] Operation: display_file, Path: test.txt, Result: SUCCESS
[Sat Dec 14 13:12:36 2024] Operation: display_file, Path: test.txt, Result: SUCCESS
[Tue Dec 24 15:25:48 2024] Operation: display_file, Path: test.txt, Result: SUCCESS
[Thu Dec 26 10:44:20 2024] Operation: list_directory, Path: ., Result: SUCCESS
[Thu Dec 26 12:01:44 2024] Operation: list_directory, Path: ., Result: SUCCESS
[Thu Dec 26 12:03:39 2024] Operation: copy_file, Path: destination.txt, Result: SUCCESS
[Thu Dec 26 12:09:35 2024] Operation: move_file, Path: test_folder/moved_file.txt, Result: SUCCESS
[Thu Dec 26 13:58:20 2024] Operation: list_directory, Path: ., Result: SUCCESS
[Thu Dec 26 13:58:57 2024] Operation: change_permissions, Path: chmod_test.txt, Result: SUCCESS
[Thu Dec 26 13:59:04 2024] Operation: list_directory, Path: ., Result: SUCCESS
[Fri Dec 27 11:03:26 2024] Operation: list_directory, Path: ., Result: SUCCESS
[Fri Dec 27 11:05:37 2024] Operation: copy_file, Path: copy_test.txt, Result: SUCCESS
[Fri Dec 27 11:05:56 2024] Operation: list_directory, Path: ., Result: SUCCESS
[Fri Dec 27 11:10:40 2024] Operation: move_file, Path: moved_file.txt, Result: SUCCESS
[Fri Dec 27 11:10:58 2024] Operation: list_directory, Path: ., Result: SUCCESS
[Fri Dec 27 11:11:33 2024] Operation: change_permissions, Path: moved_file.txt, Result: SUCCESS
[Fri Dec 27 11:11:43 2024] Operation: list_directory, Path: ., Result: SUCCESS
[Fri Dec 27 11:12:30 2024] Operation: remove_file, Path: nonexistent.txt, Result: FAILED
[Fri Dec 27 11:13:49 2024] Operation: remove_file, Path: nonexistent.txt, Result: FAILED
[Fri Dec 27 11:14:05 2024] Operation: copy_file, Path: /root/test/file.txt, Result: FAILED
[Fri Dec 27 11:14:38 2024] Operation: remove_file, Path: test_dir, Result: FAILED
